<?xml version="1.0" encoding="UTF-8"?>
<!-- Generated by org.testng.reporters.JUnitXMLReporter -->
<testsuite ignored="0" hostname="LAPTOP-VTO18SLS" failures="0" tests="7" name="Test" time="43.208" errors="0" timestamp="2024-06-08T12:36:45 IST">
  <testcase classname="com.flipkart.qa.testcases.home" name="capturehrscrollimages" time="14.139"/>
  <testcase classname="com.flipkart.qa.testcases.home" name="twowheeler" time="0.301"/>
  <testcase classname="com.flipkart.qa.testcases.home" name="Beautytoysandmore" time="6.335"/>
  <testcase classname="com.flipkart.qa.testcases.home" name="electronics" time="4.72"/>
  <testcase classname="com.flipkart.qa.testcases.home" name="Furnituresandhome" time="4.357"/>
  <testcase classname="com.flipkart.qa.testcases.home" name="Fashion" time="2.492"/>
  <testcase classname="com.flipkart.qa.testcases.home" name="nodropdowntabs" time="0.78"/>
</testsuite> <!-- Test -->
