<?xml version="1.0" encoding="UTF-8"?>
<testng-results ignored="0" total="7" passed="7" failed="0" skipped="0">
  <reporter-output>
  </reporter-output>
  <suite started-at="2024-06-08T12:36:01 IST" name="Suite" finished-at="2024-06-08T12:36:44 IST" duration-ms="43208">
    <groups>
    </groups>
    <test started-at="2024-06-08T12:36:01 IST" name="Test" finished-at="2024-06-08T12:36:44 IST" duration-ms="43208">
      <class name="com.flipkart.qa.testcases.home">
        <test-method is-config="true" signature="lauchbrowser(java.lang.String)[pri:0, instance:com.flipkart.qa.testcases.home@b9b00e0]" started-at="2024-06-08T12:36:02 IST" name="lauchbrowser" finished-at="2024-06-08T12:36:10 IST" duration-ms="8302" status="PASS">
          <params>
            <param index="0">
              <value>
                <![CDATA[chrome]]>
              </value>
            </param>
          </params>
          <reporter-output>
          </reporter-output>
        </test-method> <!-- lauchbrowser -->
        <test-method signature="capturehrscrollimages()[pri:1, instance:com.flipkart.qa.testcases.home@b9b00e0]" started-at="2024-06-08T12:36:10 IST" name="capturehrscrollimages" finished-at="2024-06-08T12:36:24 IST" duration-ms="14139" status="PASS">
          <reporter-output>
          </reporter-output>
        </test-method> <!-- capturehrscrollimages -->
        <test-method signature="twowheeler()[pri:2, instance:com.flipkart.qa.testcases.home@b9b00e0]" started-at="2024-06-08T12:36:24 IST" name="twowheeler" finished-at="2024-06-08T12:36:24 IST" duration-ms="301" status="PASS">
          <reporter-output>
          </reporter-output>
        </test-method> <!-- twowheeler -->
        <test-method signature="Beautytoysandmore()[pri:3, instance:com.flipkart.qa.testcases.home@b9b00e0]" started-at="2024-06-08T12:36:24 IST" name="Beautytoysandmore" finished-at="2024-06-08T12:36:31 IST" duration-ms="6335" status="PASS">
          <reporter-output>
          </reporter-output>
        </test-method> <!-- Beautytoysandmore -->
        <test-method signature="electronics()[pri:5, instance:com.flipkart.qa.testcases.home@b9b00e0]" started-at="2024-06-08T12:36:31 IST" name="electronics" finished-at="2024-06-08T12:36:35 IST" duration-ms="4720" status="PASS">
          <reporter-output>
          </reporter-output>
        </test-method> <!-- electronics -->
        <test-method signature="Furnituresandhome()[pri:6, instance:com.flipkart.qa.testcases.home@b9b00e0]" started-at="2024-06-08T12:36:35 IST" name="Furnituresandhome" finished-at="2024-06-08T12:36:40 IST" duration-ms="4357" status="PASS">
          <reporter-output>
          </reporter-output>
        </test-method> <!-- Furnituresandhome -->
        <test-method signature="Fashion()[pri:7, instance:com.flipkart.qa.testcases.home@b9b00e0]" started-at="2024-06-08T12:36:40 IST" name="Fashion" finished-at="2024-06-08T12:36:42 IST" duration-ms="2492" status="PASS">
          <reporter-output>
          </reporter-output>
        </test-method> <!-- Fashion -->
        <test-method signature="nodropdowntabs()[pri:8, instance:com.flipkart.qa.testcases.home@b9b00e0]" started-at="2024-06-08T12:36:42 IST" name="nodropdowntabs" finished-at="2024-06-08T12:36:43 IST" duration-ms="780" status="PASS">
          <reporter-output>
          </reporter-output>
        </test-method> <!-- nodropdowntabs -->
        <test-method is-config="true" signature="teardown()[pri:0, instance:com.flipkart.qa.testcases.home@b9b00e0]" started-at="2024-06-08T12:36:43 IST" name="teardown" finished-at="2024-06-08T12:36:44 IST" duration-ms="1228" status="PASS">
          <reporter-output>
          </reporter-output>
        </test-method> <!-- teardown -->
      </class> <!-- com.flipkart.qa.testcases.home -->
    </test> <!-- Test -->
  </suite> <!-- Suite -->
</testng-results>
